/*C1*/SET SCHEMA SYSTEM_LOBS
INSERT INTO BLOCKS VALUES(0,2147483647,0)
COMMIT
/*C2*/SET SCHEMA PUBLIC
create table BPELProcess (id integer generated by default as identity (start with 1), deployed boolean not null, description varchar(255), odeName varchar(255), portName varchar(255), processMethod varchar(255), processName varchar(255), zippedProcessFile blob(100000), primary key (id))
create table ComponentContainer (i_compID integer generated by default as identity (start with 1), i_ComponentFile blob(100000), i_description varchar(255), i_name varchar(255), i_status boolean not null, namespace varchar(255), version integer not null, primary key (i_compID))
create table ObjectEntity (id bigint not null, lastEdit bigint not null, serializedObject blob(100000), primary key (id))
create table Parameter (id integer generated by default as identity (start with 1), binding varchar(255), instanceCount integer not null, name varchar(255), type varchar(255), value varchar(255), myProcess_id integer not null, primary key (id))
create table ProcessLog (id integer generated by default as identity (start with 1), timestamp timestamp, myProcess_id integer not null, primary key (id))
create table ProcessLog_files (ProcessLog_id integer not null, files varchar(255), files_KEY varchar(255), primary key (ProcessLog_id, files_KEY))
create table ProcessLog_logs (ProcessLog_id integer not null, logs varchar(255))
create table ProcessLog_runParameters (ProcessLog_id integer not null, runParameters varchar(255), runParameters_KEY varchar(255), primary key (ProcessLog_id, runParameters_KEY))
create table PubFlow (PubFlowWFID bigint not null, WFID varchar(255), type integer, primary key (PubFlowWFID))
create table ServiceEntity (id integer generated by default as identity (start with 1), serviceDescription varchar(255), serviceName varchar(255), primary key (id))
alter table BPELProcess add constraint UK_0bb01557605f41428aa0ea87b07 unique (portName)
alter table BPELProcess add constraint UK_2b550ca69879489c9611da922d3 unique (processName)
alter table Parameter add constraint FK_59af1bc473764661a6b52926082 foreign key (myProcess_id) references BPELProcess
alter table ProcessLog add constraint FK_bd5f789ea9f3485ab043ef88f17 foreign key (myProcess_id) references BPELProcess
alter table ProcessLog_files add constraint FK_e57e63948b3e47e0bef73ea4d1e foreign key (ProcessLog_id) references ProcessLog
alter table ProcessLog_logs add constraint FK_35c5988f2e5441d1b9367ee0bf4 foreign key (ProcessLog_id) references ProcessLog
alter table ProcessLog_runParameters add constraint FK_48fe15a3ef68478ea05d2e42eef foreign key (ProcessLog_id) references ProcessLog
